
[Fri, 12 Feb 2016 08:47:25 -0700] PEAR MAIL ERROR IN sendClaimSubmitedNoticeEmail():  authentication failure [SMTP: Invalid response code received from server (code: 535, response: 5.7.3 Authentication unsuccessful)]. CLAIM ID: 5713. LOCATION ID: 6488, FROM: reports@triagenow.net, MAIL_CONFIG_ID: 61
[Fri, 12 Feb 2016 08:54:35 -0700] PEAR MAIL ERROR IN sendClaimSubmitedNoticeEmail():  authentication failure [SMTP: Invalid response code received from server (code: 535, response: 5.7.3 Authentication unsuccessful)]. CLAIM ID: 5713. LOCATION ID: 6488, FROM: reports@triagenow.net, MAIL_CONFIG_ID: 61
[Fri, 12 Feb 2016 08:56:01 -0700] PEAR MAIL ERROR IN sendClaimSubmitedNoticeEmail():  authentication failure [SMTP: Invalid response code received from server (code: 535, response: 5.7.3 Authentication unsuccessful)]. CLAIM ID: 5713. LOCATION ID: 6488, FROM: reports@triagenow.net, MAIL_CONFIG_ID: 61
[Fri, 12 Feb 2016 08:57:32 -0700] PEAR MAIL ERROR IN sendClaimSubmitedNoticeEmail():  authentication failure [SMTP: Invalid response code received from server (code: 535, response: 5.7.3 Authentication unsuccessful)]. CLAIM ID: 5713. LOCATION ID: 6488, FROM: reports@triagenow.net, MAIL_CONFIG_ID: 61
[Fri, 12 Feb 2016 09:00:06 -0700] PEAR MAIL ERROR IN sendClaimSubmitedNoticeEmail():  authentication failure [SMTP: Invalid response code received from server (code: 535, response: 5.7.3 Authentication unsuccessful)]. CLAIM ID: 5713. LOCATION ID: 6488, FROM: reports@triagenow.net, MAIL_CONFIG_ID: 61
[Fri, 12 Feb 2016 09:00:54 -0700] PEAR MAIL ERROR IN sendClaimSubmitedNoticeEmail():  authentication failure [SMTP: Invalid response code received from server (code: 535, response: 5.7.3 Authentication unsuccessful)]. CLAIM ID: 5713. LOCATION ID: 6488, FROM: reports@triagenow.net, MAIL_CONFIG_ID: 61
[Fri, 12 Feb 2016 09:02:50 -0700] PEAR MAIL ERROR IN sendClaimSubmitedNoticeEmail():  authentication failure [SMTP: Invalid response code received from server (code: 535, response: 5.7.3 Authentication unsuccessful)]. CLAIM ID: 5713. LOCATION ID: 6488, FROM: reports@triagenow.net, MAIL_CONFIG_ID: 61
[Fri, 12 Feb 2016 09:04:55 -0700] PEAR MAIL ERROR IN sendClaimSubmitedNoticeEmail():  authentication failure [SMTP: Invalid response code received from server (code: 535, response: 5.7.3 Authentication unsuccessful)]. CLAIM ID: 5713. LOCATION ID: 6488, FROM: reports@triagenow.net, MAIL_CONFIG_ID: 61
[Fri, 12 Feb 2016 09:19:08 -0700] PEAR MAIL ERROR IN sendClaimSubmitedNoticeEmail():  authentication failure [SMTP: Invalid response code received from server (code: 535, response: 5.7.3 Authentication unsuccessful)]. CLAIM ID: 5713. LOCATION ID: 6488, FROM: reports@triagenow.net, MAIL_CONFIG_ID: 61
[Fri, 12 Feb 2016 09:20:09 -0700] PEAR MAIL ERROR IN sendClaimSubmitedNoticeEmail():  authentication failure [SMTP: Invalid response code received from server (code: 535, response: 5.7.3 Authentication unsuccessful)]. CLAIM ID: 5713. LOCATION ID: 6488, FROM: reports@triagenow.net, MAIL_CONFIG_ID: 61
[Fri, 12 Feb 2016 09:21:26 -0700] PEAR MAIL ERROR IN sendClaimSubmitedNoticeEmail():  authentication failure [SMTP: Invalid response code received from server (code: 535, response: 5.7.3 Authentication unsuccessful)]. CLAIM ID: 5713. LOCATION ID: 6488, FROM: reports@triagenow.net, MAIL_CONFIG_ID: 61
[Fri, 12 Feb 2016 09:23:07 -0700] PEAR MAIL ERROR IN sendClaimSubmitedNoticeEmail():  authentication failure [SMTP: Invalid response code received from server (code: 535, response: 5.7.3 Authentication unsuccessful)]. CLAIM ID: 5713. LOCATION ID: 6488, FROM: reports@triagenow.net, MAIL_CONFIG_ID: 61
[Fri, 12 Feb 2016 09:27:03 -0700] PEAR MAIL ERROR IN sendClaimSubmitedNoticeEmail():  authentication failure [SMTP: Invalid response code received from server (code: 535, response: 5.7.3 Authentication unsuccessful)]. CLAIM ID: 5713. LOCATION ID: 6488, FROM: reports@triagenow.net, MAIL_CONFIG_ID: 61
[Fri, 12 Feb 2016 09:28:55 -0700] PEAR MAIL ERROR IN sendClaimSubmitedNoticeEmail():  authentication failure [SMTP: Invalid response code received from server (code: 535, response: 5.7.3 Authentication unsuccessful)]. CLAIM ID: 5713. LOCATION ID: 6488, FROM: reports@triagenow.net, MAIL_CONFIG_ID: 61
[Fri, 12 Feb 2016 09:30:29 -0700] PEAR MAIL ERROR IN sendClaimSubmitedNoticeEmail():  authentication failure [SMTP: Invalid response code received from server (code: 535, response: 5.7.3 Authentication unsuccessful)]. CLAIM ID: 5713. LOCATION ID: 6488, FROM: reports@triagenow.net, MAIL_CONFIG_ID: 61
[Fri, 12 Feb 2016 09:31:36 -0700] PEAR MAIL ERROR IN sendClaimSubmitedNoticeEmail():  authentication failure [SMTP: Invalid response code received from server (code: 535, response: 5.7.3 Authentication unsuccessful)]. CLAIM ID: 5713. LOCATION ID: 6488, FROM: reports@triagenow.net, MAIL_CONFIG_ID: 61
[Fri, 12 Feb 2016 09:32:57 -0700] PEAR MAIL ERROR IN sendClaimSubmitedNoticeEmail():  authentication failure [SMTP: Invalid response code received from server (code: 535, response: 5.7.3 Authentication unsuccessful)]. CLAIM ID: 5713. LOCATION ID: 6488, FROM: reports@triagenow.net, MAIL_CONFIG_ID: 61
[Fri, 12 Feb 2016 09:38:38 -0700] PEAR MAIL ERROR IN sendClaimSubmitedNoticeEmail():  authentication failure [SMTP: Invalid response code received from server (code: 535, response: 5.7.3 Authentication unsuccessful)]. CLAIM ID: 5713. LOCATION ID: 6488, FROM: reports@triagenow.net, MAIL_CONFIG_ID: 61
[Fri, 12 Feb 2016 09:40:17 -0700] PEAR MAIL ERROR IN sendClaimSubmitedNoticeEmail():  authentication failure [SMTP: Invalid response code received from server (code: 535, response: 5.7.3 Authentication unsuccessful)]. CLAIM ID: 5713. LOCATION ID: 6488, FROM: reports@triagenow.net, MAIL_CONFIG_ID: 61
[Fri, 12 Feb 2016 09:41:52 -0700] PEAR MAIL ERROR IN sendClaimSubmitedNoticeEmail():  authentication failure [SMTP: Invalid response code received from server (code: 535, response: 5.7.3 Authentication unsuccessful)]. CLAIM ID: 5713. LOCATION ID: 6488, FROM: reports@triagenow.net, MAIL_CONFIG_ID: 61
[Fri, 12 Feb 2016 09:44:16 -0700] PEAR MAIL ERROR IN sendClaimSubmitedNoticeEmail():  authentication failure [SMTP: Invalid response code received from server (code: 535, response: 5.7.3 Authentication unsuccessful)]. CLAIM ID: 5713. LOCATION ID: 6488, FROM: reports@triagenow.net, MAIL_CONFIG_ID: 61
[Fri, 12 Feb 2016 09:52:56 -0700] PEAR MAIL ERROR IN sendClaimSubmitedNoticeEmail():  authentication failure [SMTP: Invalid response code received from server (code: 535, response: 5.7.3 Authentication unsuccessful)]. CLAIM ID: 5713. LOCATION ID: 6488, FROM: reports@triagenow.net, MAIL_CONFIG_ID: 61
[Fri, 12 Feb 2016 10:00:14 -0700] PEAR MAIL ERROR IN sendClaimSubmitedNoticeEmail():  authentication failure [SMTP: Invalid response code received from server (code: 535, response: 5.7.3 Authentication unsuccessful)]. CLAIM ID: 5713. LOCATION ID: 6488, FROM: reports@triagenow.net, MAIL_CONFIG_ID: 7
[Fri, 12 Feb 2016 10:04:01 -0700] PEAR MAIL ERROR IN sendClaimSubmitedNoticeEmail():  authentication failure [SMTP: Invalid response code received from server (code: 535, response: 5.7.3 Authentication unsuccessful)]. CLAIM ID: 5713. LOCATION ID: 6488, FROM: reports@triagenow.net, MAIL_CONFIG_ID: 61
[Fri, 12 Feb 2016 10:05:09 -0700] PEAR MAIL ERROR IN sendClaimSubmitedNoticeEmail():  authentication failure [SMTP: Invalid response code received from server (code: 535, response: 5.7.3 Authentication unsuccessful)]. CLAIM ID: 5713. LOCATION ID: 6488, FROM: reports@triagenow.net, MAIL_CONFIG_ID: 7
[Fri, 12 Feb 2016 10:07:20 -0700] PEAR MAIL ERROR IN sendClaimSubmitedNoticeEmail():  authentication failure [SMTP: Invalid response code received from server (code: 535, response: 5.7.3 Authentication unsuccessful)]. CLAIM ID: 5713. LOCATION ID: 6488, FROM: reports@triagenow.net, MAIL_CONFIG_ID: 61
[Fri, 12 Feb 2016 10:08:58 -0700] PEAR MAIL ERROR IN sendClaimSubmitedNoticeEmail():  authentication failure [SMTP: Invalid response code received from server (code: 535, response: 5.7.3 Authentication unsuccessful)]. CLAIM ID: 5713. LOCATION ID: 6488, FROM: reports@triagenow.net, MAIL_CONFIG_ID: 61
[Fri, 12 Feb 2016 10:11:55 -0700] PEAR MAIL ERROR IN sendClaimSubmitedNoticeEmail():  authentication failure [SMTP: Invalid response code received from server (code: 535, response: 5.7.3 Authentication unsuccessful)]. CLAIM ID: 5713. LOCATION ID: 6488, FROM: reports@triagenow.net, MAIL_CONFIG_ID: 61
[Fri, 12 Feb 2016 10:12:13 -0700] PEAR MAIL ERROR IN sendClaimSubmitedNoticeEmail():  authentication failure [SMTP: Invalid response code received from server (code: 535, response: 5.7.3 Authentication unsuccessful)]. CLAIM ID: 5713. LOCATION ID: 6488, FROM: reports@triagenow.net, MAIL_CONFIG_ID: 61
[Fri, 12 Feb 2016 10:45:14 -0700] PEAR MAIL ERROR IN sendClaimSubmitedNoticeEmail():  authentication failure [SMTP: Invalid response code received from server (code: 535, response: 5.7.3 Authentication unsuccessful)]. CLAIM ID: 5713. LOCATION ID: 6488, FROM: reports@triagenow.net, MAIL_CONFIG_ID: 61
[Mon, 29 Feb 2016 09:06:14 -0700] PEAR MAIL ERROR IN sendClaimSubmitedNoticeEmail():  authentication failure [SMTP: Invalid response code received from server (code: 535, response: 5.7.3 Authentication unsuccessful)]. CLAIM ID: 5566. LOCATION ID: 302, FROM: kingstree24reports@kingstree.net, MAIL_CONFIG_ID: 27
[Wed, 16 Mar 2016 04:03:09 -0700] PEAR MAIL ERROR IN sendClaimSubmitedNoticeEmail():  authentication failure [SMTP: SMTP server does not support authentication (code: 250, response: BY1PR16CA0038.outlook.office365.com Hello [38.72.99.74]
SIZE 157286400
PIPELINING
DSN
ENHANCEDSTATUSCODES
STARTTLS
8BITMIME
BINARYMIME
CHUNKING)]. CLAIM ID: 4876. LOCATION ID: 436, FROM: ondemandreports@ondemanddrugtesting.com, MAIL_CONFIG_ID: 21
[Wed, 30 Mar 2016 07:09:01 -0700] PEAR MAIL ERROR IN sendClaimSubmitedNoticeEmail(): Failed to send data [SMTP: Invalid response code received from server (code: 550, response: 5.7.1 Client does not have permissions to send as this sender)]. CLAIM ID: 5737. LOCATION ID: 5950, FROM: matrix@triagenow.net, MAIL_CONFIG_ID: 11
[Fri, 01 Apr 2016 12:54:02 -0700] PEAR MAIL ERROR IN sendClaimSubmitedNoticeEmail(): Failed to send data [SMTP: Invalid response code received from server (code: 550, response: 5.7.1 Client does not have permissions to send as this sender)]. CLAIM ID: 5787. LOCATION ID: 43, FROM: claims@companyrn.com, MAIL_CONFIG_ID: 25
[Fri, 01 Apr 2016 12:54:04 -0700] PEAR MAIL ERROR IN sendClaimSubmitedNoticeEmail(): Failed to send data [SMTP: Invalid response code received from server (code: 550, response: 5.7.1 Client does not have permissions to send as this sender)]. CLAIM ID: 5787. LOCATION ID: 43, FROM: claims@companyrn.com, MAIL_CONFIG_ID: 25
[Fri, 01 Apr 2016 12:54:05 -0700] PEAR MAIL ERROR IN sendClaimSubmitedNoticeEmail(): Failed to send data [SMTP: Invalid response code received from server (code: 550, response: 5.7.1 Client does not have permissions to send as this sender)]. CLAIM ID: 5787. LOCATION ID: 43, FROM: claims@companyrn.com, MAIL_CONFIG_ID: 25
[Fri, 01 Apr 2016 12:54:05 -0700] PEAR MAIL ERROR IN sendClaimSubmitedNoticeEmail(): Failed to send data [SMTP: Invalid response code received from server (code: 550, response: 5.7.1 Client does not have permissions to send as this sender)]. CLAIM ID: 5787. LOCATION ID: 43, FROM: claims@companyrn.com, MAIL_CONFIG_ID: 25
[Fri, 01 Apr 2016 12:54:07 -0700] PEAR MAIL ERROR IN sendClaimSubmitedNoticeEmail(): Failed to send data [SMTP: Invalid response code received from server (code: 550, response: 5.7.1 Client does not have permissions to send as this sender)]. CLAIM ID: 5787. LOCATION ID: 43, FROM: claims@companyrn.com, MAIL_CONFIG_ID: 25
[Fri, 01 Apr 2016 12:54:08 -0700] PEAR MAIL ERROR IN sendClaimSubmitedNoticeEmail(): Failed to send data [SMTP: Invalid response code received from server (code: 550, response: 5.7.1 Client does not have permissions to send as this sender)]. CLAIM ID: 5787. LOCATION ID: 43, FROM: claims@companyrn.com, MAIL_CONFIG_ID: 25
[Fri, 01 Apr 2016 12:54:14 -0700] PEAR MAIL ERROR IN sendClaimSubmitedNoticeEmail(): Failed to send data [SMTP: Invalid response code received from server (code: 550, response: 5.7.1 Client does not have permissions to send as this sender)]. CLAIM ID: 5787. LOCATION ID: 43, FROM: claims@companyrn.com, MAIL_CONFIG_ID: 25
[Fri, 01 Apr 2016 12:54:15 -0700] PEAR MAIL ERROR IN sendClaimSubmitedNoticeEmail(): Failed to send data [SMTP: Invalid response code received from server (code: 550, response: 5.7.1 Client does not have permissions to send as this sender)]. CLAIM ID: 5787. LOCATION ID: 43, FROM: claims@companyrn.com, MAIL_CONFIG_ID: 25
[Fri, 01 Apr 2016 12:54:17 -0700] PEAR MAIL ERROR IN sendClaimSubmitedNoticeEmail(): Failed to send data [SMTP: Invalid response code received from server (code: 550, response: 5.7.1 Client does not have permissions to send as this sender)]. CLAIM ID: 5787. LOCATION ID: 43, FROM: claims@companyrn.com, MAIL_CONFIG_ID: 25
[Fri, 01 Apr 2016 12:54:23 -0700] PEAR MAIL ERROR IN sendClaimSubmitedNoticeEmail(): Failed to send data [SMTP: Invalid response code received from server (code: 550, response: 5.7.1 Client does not have permissions to send as this sender)]. CLAIM ID: 5787. LOCATION ID: 43, FROM: claims@companyrn.com, MAIL_CONFIG_ID: 25
[Tue, 05 Apr 2016 11:36:46 -0700] PEAR MAIL ERROR IN sendClaimSubmitedNoticeEmail():  authentication failure [SMTP: Invalid response code received from server (code: 535, response: 5.7.3 Authentication unsuccessful)]. CLAIM ID: 5748. LOCATION ID: 5108, FROM: kingstree24reports@kingstree.net, MAIL_CONFIG_ID: 39
[Tue, 05 Apr 2016 11:36:56 -0700] PEAR MAIL ERROR IN sendClaimSubmitedNoticeEmail():  authentication failure [SMTP: Invalid response code received from server (code: 535, response: 5.7.3 Authentication unsuccessful)]. CLAIM ID: 5748. LOCATION ID: 5108, FROM: kingstree24reports@kingstree.net, MAIL_CONFIG_ID: 23
[Mon, 23 May 2016 11:41:35 -0700] PEAR MAIL ERROR IN sendClaimSubmitedNoticeEmail():  authentication failure [SMTP: Invalid response code received from server (code: 535, response: 5.7.3 Authentication unsuccessful)]. CLAIM ID: 5747. LOCATION ID: 2523, FROM: kingstree24reports@kingstree.net, MAIL_CONFIG_ID: 63
[Mon, 23 May 2016 11:41:53 -0700] PEAR MAIL ERROR IN sendClaimSubmitedNoticeEmail():  authentication failure [SMTP: Invalid response code received from server (code: 535, response: 5.7.3 Authentication unsuccessful)]. CLAIM ID: 5747. LOCATION ID: 2523, FROM: kingstree24reports@kingstree.net, MAIL_CONFIG_ID: 62
[Mon, 23 May 2016 11:42:47 -0700] PEAR MAIL ERROR IN sendClaimSubmitedNoticeEmail():  authentication failure [SMTP: Invalid response code received from server (code: 535, response: 5.7.3 Authentication unsuccessful)]. CLAIM ID: 988. LOCATION ID: 319, FROM: kingstree24reports@kingstree.net, MAIL_CONFIG_ID: 47
[Tue, 14 Jun 2016 12:24:03 -0700] PEAR MAIL ERROR IN sendClaimSubmitedNoticeEmail(): Failed to send data [SMTP: Invalid response code received from server (code: 550, response: 5.7.1 Client does not have permissions to send as this sender)]. CLAIM ID: 5860. LOCATION ID: 6, FROM: ahast@triagenow.net, MAIL_CONFIG_ID: 11
[Wed, 06 Jul 2016 02:46:12 -0700] PEAR MAIL ERROR IN sendClaimSubmitedNoticeEmail():  authentication failure [SMTP: Invalid response code received from server (code: 535, response: 5.7.3 Authentication unsuccessful)]. CLAIM ID: 5890. LOCATION ID: 198, FROM: kingstree24reports@kingstree.net, MAIL_CONFIG_ID: 39
[Wed, 06 Jul 2016 02:46:23 -0700] PEAR MAIL ERROR IN sendClaimSubmitedNoticeEmail():  authentication failure [SMTP: Invalid response code received from server (code: 535, response: 5.7.3 Authentication unsuccessful)]. CLAIM ID: 5890. LOCATION ID: 198, FROM: kingstree24reports@kingstree.net, MAIL_CONFIG_ID: 39
[Wed, 06 Jul 2016 02:54:31 -0700] PEAR MAIL ERROR IN sendClaimSubmitedNoticeEmail():  authentication failure [SMTP: Invalid response code received from server (code: 535, response: 5.7.3 Authentication unsuccessful)]. CLAIM ID: 5890. LOCATION ID: 198, FROM: kingstree24reports@kingstree.net, MAIL_CONFIG_ID: 23
[Wed, 06 Jul 2016 02:54:42 -0700] PEAR MAIL ERROR IN sendClaimSubmitedNoticeEmail():  authentication failure [SMTP: Invalid response code received from server (code: 535, response: 5.7.3 Authentication unsuccessful)]. CLAIM ID: 5890. LOCATION ID: 198, FROM: kingstree24reports@kingstree.net, MAIL_CONFIG_ID: 23
[Wed, 06 Jul 2016 03:25:59 -0700] PEAR MAIL ERROR IN sendClaimSubmitedNoticeEmail():  authentication failure [SMTP: Invalid response code received from server (code: 535, response: 5.7.3 Authentication unsuccessful)]. CLAIM ID: 5890. LOCATION ID: 198, FROM: kingstree24reports@kingstree.net, MAIL_CONFIG_ID: 23
[Wed, 06 Jul 2016 03:42:13 -0700] PEAR MAIL ERROR IN sendClaimSubmitedNoticeEmail():  authentication failure [SMTP: Invalid response code received from server (code: 535, response: 5.7.3 Authentication unsuccessful)]. CLAIM ID: 5748. LOCATION ID: 5108, FROM: kingstree24reports@kingstree.net, MAIL_CONFIG_ID: 62
[Tue, 30 Aug 2016 10:06:08 -0700] PEAR MAIL ERROR IN sendClaimSubmitedNoticeEmail(): Failed to send data [SMTP: Invalid response code received from server (code: 550, response: 5.7.1 Client does not have permissions to send as this sender)]. CLAIM ID: 5959. LOCATION ID: 43, FROM: claims@companyrn.com, MAIL_CONFIG_ID: 25
[Tue, 30 Aug 2016 10:06:09 -0700] PEAR MAIL ERROR IN sendClaimSubmitedNoticeEmail(): Failed to send data [SMTP: Invalid response code received from server (code: 550, response: 5.7.1 Client does not have permissions to send as this sender)]. CLAIM ID: 5959. LOCATION ID: 43, FROM: claims@companyrn.com, MAIL_CONFIG_ID: 25
[Tue, 30 Aug 2016 10:06:10 -0700] PEAR MAIL ERROR IN sendClaimSubmitedNoticeEmail(): Failed to send data [SMTP: Invalid response code received from server (code: 550, response: 5.7.1 Client does not have permissions to send as this sender)]. CLAIM ID: 5959. LOCATION ID: 43, FROM: claims@companyrn.com, MAIL_CONFIG_ID: 25
[Tue, 30 Aug 2016 10:06:11 -0700] PEAR MAIL ERROR IN sendClaimSubmitedNoticeEmail(): Failed to send data [SMTP: Invalid response code received from server (code: 550, response: 5.7.1 Client does not have permissions to send as this sender)]. CLAIM ID: 5959. LOCATION ID: 43, FROM: claims@companyrn.com, MAIL_CONFIG_ID: 25
[Tue, 30 Aug 2016 10:06:14 -0700] PEAR MAIL ERROR IN sendClaimSubmitedNoticeEmail(): Failed to send data [SMTP: Invalid response code received from server (code: 550, response: 5.7.1 Client does not have permissions to send as this sender)]. CLAIM ID: 5959. LOCATION ID: 43, FROM: claims@companyrn.com, MAIL_CONFIG_ID: 25
[Tue, 30 Aug 2016 10:06:15 -0700] PEAR MAIL ERROR IN sendClaimSubmitedNoticeEmail(): Failed to send data [SMTP: Invalid response code received from server (code: 550, response: 5.7.1 Client does not have permissions to send as this sender)]. CLAIM ID: 5959. LOCATION ID: 43, FROM: claims@companyrn.com, MAIL_CONFIG_ID: 25
[Tue, 30 Aug 2016 10:06:16 -0700] PEAR MAIL ERROR IN sendClaimSubmitedNoticeEmail(): Failed to send data [SMTP: Invalid response code received from server (code: 550, response: 5.7.1 Client does not have permissions to send as this sender)]. CLAIM ID: 5959. LOCATION ID: 43, FROM: claims@companyrn.com, MAIL_CONFIG_ID: 25
[Tue, 30 Aug 2016 10:06:18 -0700] PEAR MAIL ERROR IN sendClaimSubmitedNoticeEmail(): Failed to send data [SMTP: Invalid response code received from server (code: 550, response: 5.7.1 Client does not have permissions to send as this sender)]. CLAIM ID: 5959. LOCATION ID: 43, FROM: claims@companyrn.com, MAIL_CONFIG_ID: 25
[Tue, 30 Aug 2016 10:06:24 -0700] PEAR MAIL ERROR IN sendClaimSubmitedNoticeEmail(): Failed to send data [SMTP: Invalid response code received from server (code: 550, response: 5.7.1 Client does not have permissions to send as this sender)]. CLAIM ID: 5959. LOCATION ID: 43, FROM: claims@companyrn.com, MAIL_CONFIG_ID: 25
[Tue, 30 Aug 2016 10:06:30 -0700] PEAR MAIL ERROR IN sendClaimSubmitedNoticeEmail(): Failed to send data [SMTP: Invalid response code received from server (code: 550, response: 5.7.1 Client does not have permissions to send as this sender)]. CLAIM ID: 5959. LOCATION ID: 43, FROM: claims@companyrn.com, MAIL_CONFIG_ID: 25
[Tue, 30 Aug 2016 10:06:32 -0700] PEAR MAIL ERROR IN sendClaimSubmitedNoticeEmail(): Failed to send data [SMTP: Invalid response code received from server (code: 550, response: 5.7.1 Client does not have permissions to send as this sender)]. CLAIM ID: 5959. LOCATION ID: 43, FROM: claims@companyrn.com, MAIL_CONFIG_ID: 25
[Tue, 30 Aug 2016 10:06:35 -0700] PEAR MAIL ERROR IN sendClaimSubmitedNoticeEmail(): Failed to send data [SMTP: Invalid response code received from server (code: 550, response: 5.7.1 Client does not have permissions to send as this sender)]. CLAIM ID: 5959. LOCATION ID: 43, FROM: claims@companyrn.com, MAIL_CONFIG_ID: 25
[Wed, 14 Sep 2016 10:12:03 -0700] PEAR MAIL ERROR IN sendClaimSubmitedNoticeEmail(): Failed to send data [SMTP: Invalid response code received from server (code: 550, response: 5.7.1 Client does not have permissions to send as this sender)]. CLAIM ID: 5989. LOCATION ID: 43, FROM: claims@companyrn.com, MAIL_CONFIG_ID: 25
[Wed, 14 Sep 2016 10:12:04 -0700] PEAR MAIL ERROR IN sendClaimSubmitedNoticeEmail(): Failed to set sender: claims@companyrn.com [SMTP: Invalid response code received from server (code: 452, response: 4.3.1 Insufficient system resources)]. CLAIM ID: 5989. LOCATION ID: 43, FROM: claims@companyrn.com, MAIL_CONFIG_ID: 25
[Wed, 14 Sep 2016 10:12:05 -0700] PEAR MAIL ERROR IN sendClaimSubmitedNoticeEmail(): Failed to set sender: claims@companyrn.com [SMTP: Invalid response code received from server (code: 452, response: 4.3.1 Insufficient system resources)]. CLAIM ID: 5989. LOCATION ID: 43, FROM: claims@companyrn.com, MAIL_CONFIG_ID: 25
[Wed, 14 Sep 2016 10:12:06 -0700] PEAR MAIL ERROR IN sendClaimSubmitedNoticeEmail(): Failed to send data [SMTP: Invalid response code received from server (code: 550, response: 5.7.1 Client does not have permissions to send as this sender)]. CLAIM ID: 5989. LOCATION ID: 43, FROM: claims@companyrn.com, MAIL_CONFIG_ID: 25
[Wed, 14 Sep 2016 10:12:07 -0700] PEAR MAIL ERROR IN sendClaimSubmitedNoticeEmail(): Failed to set sender: claims@companyrn.com [SMTP: Invalid response code received from server (code: 452, response: 4.3.1 Insufficient system resources)]. CLAIM ID: 5989. LOCATION ID: 43, FROM: claims@companyrn.com, MAIL_CONFIG_ID: 25
[Wed, 14 Sep 2016 10:12:08 -0700] PEAR MAIL ERROR IN sendClaimSubmitedNoticeEmail(): Failed to send data [SMTP: Invalid response code received from server (code: 550, response: 5.7.1 Client does not have permissions to send as this sender)]. CLAIM ID: 5989. LOCATION ID: 43, FROM: claims@companyrn.com, MAIL_CONFIG_ID: 25
[Wed, 14 Sep 2016 10:12:09 -0700] PEAR MAIL ERROR IN sendClaimSubmitedNoticeEmail(): Failed to send data [SMTP: Invalid response code received from server (code: 550, response: 5.7.1 Client does not have permissions to send as this sender)]. CLAIM ID: 5989. LOCATION ID: 43, FROM: claims@companyrn.com, MAIL_CONFIG_ID: 25
[Wed, 14 Sep 2016 10:12:16 -0700] PEAR MAIL ERROR IN sendClaimSubmitedNoticeEmail(): Failed to set sender: claims@companyrn.com [SMTP: Invalid response code received from server (code: 452, response: 4.3.1 Insufficient system resources)]. CLAIM ID: 5989. LOCATION ID: 43, FROM: claims@companyrn.com, MAIL_CONFIG_ID: 25
[Wed, 14 Sep 2016 10:12:17 -0700] PEAR MAIL ERROR IN sendClaimSubmitedNoticeEmail(): Failed to send data [SMTP: Invalid response code received from server (code: 550, response: 5.7.1 Client does not have permissions to send as this sender)]. CLAIM ID: 5989. LOCATION ID: 43, FROM: claims@companyrn.com, MAIL_CONFIG_ID: 25
[Wed, 14 Sep 2016 10:12:18 -0700] PEAR MAIL ERROR IN sendClaimSubmitedNoticeEmail(): Failed to set sender: claims@companyrn.com [SMTP: Invalid response code received from server (code: 452, response: 4.3.1 Insufficient system resources)]. CLAIM ID: 5989. LOCATION ID: 43, FROM: claims@companyrn.com, MAIL_CONFIG_ID: 25
[Wed, 14 Sep 2016 10:12:20 -0700] PEAR MAIL ERROR IN sendClaimSubmitedNoticeEmail(): Failed to send data [SMTP: Invalid response code received from server (code: 550, response: 5.7.1 Client does not have permissions to send as this sender)]. CLAIM ID: 5989. LOCATION ID: 43, FROM: claims@companyrn.com, MAIL_CONFIG_ID: 25
[Wed, 14 Sep 2016 10:12:22 -0700] PEAR MAIL ERROR IN sendClaimSubmitedNoticeEmail(): Failed to set sender: claims@companyrn.com [SMTP: Invalid response code received from server (code: 452, response: 4.3.1 Insufficient system resources)]. CLAIM ID: 5989. LOCATION ID: 43, FROM: claims@companyrn.com, MAIL_CONFIG_ID: 25
[Thu, 15 Sep 2016 10:24:33 -0700] PEAR MAIL ERROR IN sendClaimSubmitedNoticeEmail(): Failed to set sender: reports@triagenow.net [SMTP: Invalid response code received from server (code: 452, response: 4.3.1 Insufficient system resources)]. CLAIM ID: 5998. LOCATION ID: 45, FROM: reports@triagenow.net, MAIL_CONFIG_ID: 7
[Thu, 15 Sep 2016 11:02:06 -0700] PEAR MAIL ERROR IN sendClaimSubmitedNoticeEmail(): Failed to set sender: reports@triagenow.net [SMTP: Invalid response code received from server (code: 452, response: 4.3.1 Insufficient system resources)]. CLAIM ID: 5993. LOCATION ID: 45, FROM: reports@triagenow.net, MAIL_CONFIG_ID: 7
[Thu, 15 Sep 2016 11:45:44 -0700] PEAR MAIL ERROR IN sendClaimSubmitedNoticeEmail(): Failed to set sender: reports@triagenow.net [SMTP: Invalid response code received from server (code: 452, response: 4.3.1 Insufficient system resources)]. CLAIM ID: 6006. LOCATION ID: 45, FROM: reports@triagenow.net, MAIL_CONFIG_ID: 7
[Thu, 15 Sep 2016 11:45:44 -0700] PEAR MAIL ERROR IN sendClaimSubmitedNoticeEmail(): Failed to set sender: reports@triagenow.net [SMTP: Invalid response code received from server (code: 452, response: 4.3.1 Insufficient system resources)]. CLAIM ID: 6006. LOCATION ID: 45, FROM: reports@triagenow.net, MAIL_CONFIG_ID: 7
[Mon, 19 Sep 2016 11:15:41 -0700] PEAR MAIL ERROR IN sendClaimSubmitedNoticeEmail():  authentication failure [SMTP: STARTTLS failed (code: 220, response: TLS go ahead)]. CLAIM ID: 6008. LOCATION ID: 944, FROM: reports@triagenow.net, MAIL_CONFIG_ID: 41
[Mon, 19 Sep 2016 11:15:42 -0700] PEAR MAIL ERROR IN sendClaimSubmitedNoticeEmail():  authentication failure [SMTP: STARTTLS failed (code: 220, response: TLS go ahead)]. CLAIM ID: 6008. LOCATION ID: 944, FROM: reports@triagenow.net, MAIL_CONFIG_ID: 41
[Mon, 19 Sep 2016 11:16:24 -0700] PEAR MAIL ERROR IN sendClaimSubmitedNoticeEmail():  authentication failure [SMTP: STARTTLS failed (code: 220, response: TLS go ahead)]. CLAIM ID: 6008. LOCATION ID: 944, FROM: reports@triagenow.net, MAIL_CONFIG_ID: 41
[Mon, 19 Sep 2016 11:17:10 -0700] PEAR MAIL ERROR IN sendClaimSubmitedNoticeEmail():  authentication failure [SMTP: STARTTLS failed (code: 220, response: TLS go ahead)]. CLAIM ID: 6008. LOCATION ID: 944, FROM: reports@triagenow.net, MAIL_CONFIG_ID: 41
[Mon, 19 Sep 2016 20:42:29 -0700] PEAR MAIL ERROR IN sendClaimSubmitedNoticeEmail():  authentication failure [SMTP: Invalid response code received from server (code: 535, response: 5.7.8 Username and Password not accepted. Learn more at
5.7.8  https://support.google.com/mail/?p=BadCredentials p4sm74588510pfp.60 - gsmtp)]. CLAIM ID: 6008. LOCATION ID: 243, FROM: claims@companyrn.com, MAIL_CONFIG_ID: 42
[Mon, 19 Sep 2016 20:42:30 -0700] PEAR MAIL ERROR IN sendClaimSubmitedNoticeEmail():  authentication failure [SMTP: Invalid response code received from server (code: 535, response: 5.7.8 Username and Password not accepted. Learn more at
5.7.8  https://support.google.com/mail/?p=BadCredentials ps2sm34662124pab.10 - gsmtp)]. CLAIM ID: 6008. LOCATION ID: 243, FROM: claims@companyrn.com, MAIL_CONFIG_ID: 42
[Tue, 20 Sep 2016 07:00:06 -0700] PEAR MAIL ERROR IN sendClaimSubmitedNoticeEmail():  authentication failure [SMTP: Invalid response code received from server (code: 535, response: 5.7.8 Username and Password not accepted. Learn more at
5.7.8  https://support.google.com/mail/?p=BadCredentials l128sm79681931pfl.21 - gsmtp)]. CLAIM ID: 6008. LOCATION ID: 243, FROM: claims@companyrn.com, MAIL_CONFIG_ID: 42
[Thu, 29 Sep 2016 08:12:35 -0700] PEAR MAIL ERROR IN sendClaimSubmitedNoticeEmail():  authentication failure [SMTP: Invalid response code received from server (code: 535, response: 5.7.3 Authentication unsuccessful)]. CLAIM ID: 6025. LOCATION ID: 5468, FROM: kingstree24reports@kingstree.net, MAIL_CONFIG_ID: 63
[Thu, 29 Sep 2016 08:27:08 -0700] PEAR MAIL ERROR IN sendClaimSubmitedNoticeEmail(): Failed to send data [SMTP: Invalid response code received from server (code: 550, response: 5.7.1 Client does not have permissions to send as this sender)]. CLAIM ID: 5786. LOCATION ID: 43, FROM: claims@companyrn.com, MAIL_CONFIG_ID: 25
[Thu, 29 Sep 2016 08:27:09 -0700] PEAR MAIL ERROR IN sendClaimSubmitedNoticeEmail(): Failed to send data [SMTP: Invalid response code received from server (code: 550, response: 5.7.1 Client does not have permissions to send as this sender)]. CLAIM ID: 5786. LOCATION ID: 43, FROM: claims@companyrn.com, MAIL_CONFIG_ID: 25
[Thu, 29 Sep 2016 08:27:10 -0700] PEAR MAIL ERROR IN sendClaimSubmitedNoticeEmail(): Failed to send data [SMTP: Invalid response code received from server (code: 550, response: 5.7.1 Client does not have permissions to send as this sender)]. CLAIM ID: 5786. LOCATION ID: 43, FROM: claims@companyrn.com, MAIL_CONFIG_ID: 25
[Thu, 29 Sep 2016 08:27:11 -0700] PEAR MAIL ERROR IN sendClaimSubmitedNoticeEmail(): Failed to send data [SMTP: Invalid response code received from server (code: 550, response: 5.7.1 Client does not have permissions to send as this sender)]. CLAIM ID: 5786. LOCATION ID: 43, FROM: claims@companyrn.com, MAIL_CONFIG_ID: 25
[Thu, 29 Sep 2016 08:27:12 -0700] PEAR MAIL ERROR IN sendClaimSubmitedNoticeEmail(): Failed to send data [SMTP: Invalid response code received from server (code: 550, response: 5.7.1 Client does not have permissions to send as this sender)]. CLAIM ID: 5786. LOCATION ID: 43, FROM: claims@companyrn.com, MAIL_CONFIG_ID: 25
[Thu, 29 Sep 2016 08:27:18 -0700] PEAR MAIL ERROR IN sendClaimSubmitedNoticeEmail(): Failed to send data [SMTP: Invalid response code received from server (code: 550, response: 5.7.1 Client does not have permissions to send as this sender)]. CLAIM ID: 5786. LOCATION ID: 43, FROM: claims@companyrn.com, MAIL_CONFIG_ID: 25
[Thu, 29 Sep 2016 08:27:24 -0700] PEAR MAIL ERROR IN sendClaimSubmitedNoticeEmail(): Failed to send data [SMTP: Invalid response code received from server (code: 550, response: 5.7.1 Client does not have permissions to send as this sender)]. CLAIM ID: 5786. LOCATION ID: 43, FROM: claims@companyrn.com, MAIL_CONFIG_ID: 25
[Thu, 29 Sep 2016 08:27:25 -0700] PEAR MAIL ERROR IN sendClaimSubmitedNoticeEmail(): Failed to send data [SMTP: Invalid response code received from server (code: 550, response: 5.7.1 Client does not have permissions to send as this sender)]. CLAIM ID: 5786. LOCATION ID: 43, FROM: claims@companyrn.com, MAIL_CONFIG_ID: 25
[Thu, 29 Sep 2016 08:27:26 -0700] PEAR MAIL ERROR IN sendClaimSubmitedNoticeEmail(): Failed to send data [SMTP: Invalid response code received from server (code: 550, response: 5.7.1 Client does not have permissions to send as this sender)]. CLAIM ID: 5786. LOCATION ID: 43, FROM: claims@companyrn.com, MAIL_CONFIG_ID: 25
[Thu, 29 Sep 2016 08:27:28 -0700] PEAR MAIL ERROR IN sendClaimSubmitedNoticeEmail(): Failed to send data [SMTP: Invalid response code received from server (code: 550, response: 5.7.1 Client does not have permissions to send as this sender)]. CLAIM ID: 5786. LOCATION ID: 43, FROM: claims@companyrn.com, MAIL_CONFIG_ID: 25
[Thu, 29 Sep 2016 08:27:29 -0700] PEAR MAIL ERROR IN sendClaimSubmitedNoticeEmail(): Failed to send data [SMTP: Invalid response code received from server (code: 550, response: 5.7.1 Client does not have permissions to send as this sender)]. CLAIM ID: 5786. LOCATION ID: 43, FROM: claims@companyrn.com, MAIL_CONFIG_ID: 25
[Thu, 29 Sep 2016 08:27:36 -0700] PEAR MAIL ERROR IN sendClaimSubmitedNoticeEmail(): Failed to send data [SMTP: Invalid response code received from server (code: 550, response: 5.7.1 Client does not have permissions to send as this sender)]. CLAIM ID: 5786. LOCATION ID: 43, FROM: claims@companyrn.com, MAIL_CONFIG_ID: 25
[Thu, 29 Sep 2016 08:30:03 -0700] PEAR MAIL ERROR IN sendClaimSubmitedNoticeEmail(): Failed to send data [SMTP: Invalid response code received from server (code: 550, response: 5.7.1 Client does not have permissions to send as this sender)]. CLAIM ID: 5786. LOCATION ID: 43, FROM: claims@companyrn.com, MAIL_CONFIG_ID: 25
[Thu, 29 Sep 2016 08:30:04 -0700] PEAR MAIL ERROR IN sendClaimSubmitedNoticeEmail(): Failed to send data [SMTP: Invalid response code received from server (code: 550, response: 5.7.1 Client does not have permissions to send as this sender)]. CLAIM ID: 5786. LOCATION ID: 43, FROM: claims@companyrn.com, MAIL_CONFIG_ID: 25
[Thu, 29 Sep 2016 08:30:07 -0700] PEAR MAIL ERROR IN sendClaimSubmitedNoticeEmail(): Failed to send data [SMTP: Invalid response code received from server (code: 550, response: 5.7.1 Client does not have permissions to send as this sender)]. CLAIM ID: 5786. LOCATION ID: 43, FROM: claims@companyrn.com, MAIL_CONFIG_ID: 25
[Thu, 29 Sep 2016 08:30:08 -0700] PEAR MAIL ERROR IN sendClaimSubmitedNoticeEmail(): Failed to send data [SMTP: Invalid response code received from server (code: 550, response: 5.7.1 Client does not have permissions to send as this sender)]. CLAIM ID: 5786. LOCATION ID: 43, FROM: claims@companyrn.com, MAIL_CONFIG_ID: 25
[Wed, 12 Oct 2016 11:18:05 -0700] PEAR MAIL ERROR IN sendClaimSubmitedNoticeEmail(): Failed to send data [SMTP: Invalid response code received from server (code: 550, response: 5.7.1 Client does not have permissions to send as this sender)]. CLAIM ID: 6034. LOCATION ID: 43, FROM: claims@companyrn.com, MAIL_CONFIG_ID: 25
[Wed, 12 Oct 2016 11:18:06 -0700] PEAR MAIL ERROR IN sendClaimSubmitedNoticeEmail(): Failed to send data [SMTP: Invalid response code received from server (code: 550, response: 5.7.1 Client does not have permissions to send as this sender)]. CLAIM ID: 6034. LOCATION ID: 43, FROM: claims@companyrn.com, MAIL_CONFIG_ID: 25
[Wed, 12 Oct 2016 11:18:12 -0700] PEAR MAIL ERROR IN sendClaimSubmitedNoticeEmail(): Failed to send data [SMTP: Invalid response code received from server (code: 550, response: 5.7.1 Client does not have permissions to send as this sender)]. CLAIM ID: 6034. LOCATION ID: 43, FROM: claims@companyrn.com, MAIL_CONFIG_ID: 25
[Wed, 12 Oct 2016 11:18:13 -0700] PEAR MAIL ERROR IN sendClaimSubmitedNoticeEmail(): Failed to send data [SMTP: Invalid response code received from server (code: 550, response: 5.7.1 Client does not have permissions to send as this sender)]. CLAIM ID: 6034. LOCATION ID: 43, FROM: claims@companyrn.com, MAIL_CONFIG_ID: 25
[Wed, 12 Oct 2016 11:18:19 -0700] PEAR MAIL ERROR IN sendClaimSubmitedNoticeEmail(): Failed to send data [SMTP: Invalid response code received from server (code: 550, response: 5.7.1 Client does not have permissions to send as this sender)]. CLAIM ID: 6034. LOCATION ID: 43, FROM: claims@companyrn.com, MAIL_CONFIG_ID: 25
[Wed, 12 Oct 2016 11:18:20 -0700] PEAR MAIL ERROR IN sendClaimSubmitedNoticeEmail(): Failed to send data [SMTP: Invalid response code received from server (code: 550, response: 5.7.1 Client does not have permissions to send as this sender)]. CLAIM ID: 6034. LOCATION ID: 43, FROM: claims@companyrn.com, MAIL_CONFIG_ID: 25
[Wed, 12 Oct 2016 11:18:21 -0700] PEAR MAIL ERROR IN sendClaimSubmitedNoticeEmail(): Failed to send data [SMTP: Invalid response code received from server (code: 550, response: 5.7.1 Client does not have permissions to send as this sender)]. CLAIM ID: 6034. LOCATION ID: 43, FROM: claims@companyrn.com, MAIL_CONFIG_ID: 25
[Wed, 12 Oct 2016 11:18:28 -0700] PEAR MAIL ERROR IN sendClaimSubmitedNoticeEmail(): Failed to send data [SMTP: Invalid response code received from server (code: 550, response: 5.7.1 Client does not have permissions to send as this sender)]. CLAIM ID: 6034. LOCATION ID: 43, FROM: claims@companyrn.com, MAIL_CONFIG_ID: 25
[Wed, 12 Oct 2016 11:18:29 -0700] PEAR MAIL ERROR IN sendClaimSubmitedNoticeEmail(): Failed to send data [SMTP: Invalid response code received from server (code: 550, response: 5.7.1 Client does not have permissions to send as this sender)]. CLAIM ID: 6034. LOCATION ID: 43, FROM: claims@companyrn.com, MAIL_CONFIG_ID: 25
[Wed, 12 Oct 2016 11:18:30 -0700] PEAR MAIL ERROR IN sendClaimSubmitedNoticeEmail(): Failed to send data [SMTP: Invalid response code received from server (code: 550, response: 5.7.1 Client does not have permissions to send as this sender)]. CLAIM ID: 6034. LOCATION ID: 43, FROM: claims@companyrn.com, MAIL_CONFIG_ID: 25
[Wed, 12 Oct 2016 11:18:36 -0700] PEAR MAIL ERROR IN sendClaimSubmitedNoticeEmail(): Failed to send data [SMTP: Invalid response code received from server (code: 550, response: 5.7.1 Client does not have permissions to send as this sender)]. CLAIM ID: 6034. LOCATION ID: 43, FROM: claims@companyrn.com, MAIL_CONFIG_ID: 25
[Wed, 12 Oct 2016 11:18:38 -0700] PEAR MAIL ERROR IN sendClaimSubmitedNoticeEmail(): Failed to send data [SMTP: Invalid response code received from server (code: 550, response: 5.7.1 Client does not have permissions to send as this sender)]. CLAIM ID: 6034. LOCATION ID: 43, FROM: claims@companyrn.com, MAIL_CONFIG_ID: 25
[Wed, 12 Oct 2016 11:54:02 -0700] PEAR MAIL ERROR IN sendClaimSubmitedNoticeEmail(): Failed to send data [SMTP: Invalid response code received from server (code: 550, response: 5.7.1 Client does not have permissions to send as this sender)]. CLAIM ID: 6040. LOCATION ID: 43, FROM: claims@companyrn.com, MAIL_CONFIG_ID: 25
[Wed, 12 Oct 2016 11:54:04 -0700] PEAR MAIL ERROR IN sendClaimSubmitedNoticeEmail(): Failed to send data [SMTP: Invalid response code received from server (code: 550, response: 5.7.1 Client does not have permissions to send as this sender)]. CLAIM ID: 6040. LOCATION ID: 43, FROM: claims@companyrn.com, MAIL_CONFIG_ID: 25
[Wed, 12 Oct 2016 11:54:05 -0700] PEAR MAIL ERROR IN sendClaimSubmitedNoticeEmail(): Failed to send data [SMTP: Invalid response code received from server (code: 550, response: 5.7.1 Client does not have permissions to send as this sender)]. CLAIM ID: 6040. LOCATION ID: 43, FROM: claims@companyrn.com, MAIL_CONFIG_ID: 25
[Wed, 12 Oct 2016 11:54:11 -0700] PEAR MAIL ERROR IN sendClaimSubmitedNoticeEmail(): Failed to send data [SMTP: Invalid response code received from server (code: 550, response: 5.7.1 Client does not have permissions to send as this sender)]. CLAIM ID: 6040. LOCATION ID: 43, FROM: claims@companyrn.com, MAIL_CONFIG_ID: 25
[Wed, 12 Oct 2016 11:54:17 -0700] PEAR MAIL ERROR IN sendClaimSubmitedNoticeEmail(): Failed to send data [SMTP: Invalid response code received from server (code: 550, response: 5.7.1 Client does not have permissions to send as this sender)]. CLAIM ID: 6040. LOCATION ID: 43, FROM: claims@companyrn.com, MAIL_CONFIG_ID: 25
[Wed, 12 Oct 2016 11:54:18 -0700] PEAR MAIL ERROR IN sendClaimSubmitedNoticeEmail(): Failed to send data [SMTP: Invalid response code received from server (code: 550, response: 5.7.1 Client does not have permissions to send as this sender)]. CLAIM ID: 6040. LOCATION ID: 43, FROM: claims@companyrn.com, MAIL_CONFIG_ID: 25
[Wed, 12 Oct 2016 11:54:24 -0700] PEAR MAIL ERROR IN sendClaimSubmitedNoticeEmail(): Failed to send data [SMTP: Invalid response code received from server (code: 550, response: 5.7.1 Client does not have permissions to send as this sender)]. CLAIM ID: 6040. LOCATION ID: 43, FROM: claims@companyrn.com, MAIL_CONFIG_ID: 25
[Wed, 12 Oct 2016 11:54:31 -0700] PEAR MAIL ERROR IN sendClaimSubmitedNoticeEmail(): Failed to send data [SMTP: Invalid response code received from server (code: 550, response: 5.7.1 Client does not have permissions to send as this sender)]. CLAIM ID: 6040. LOCATION ID: 43, FROM: claims@companyrn.com, MAIL_CONFIG_ID: 25
[Wed, 12 Oct 2016 11:54:37 -0700] PEAR MAIL ERROR IN sendClaimSubmitedNoticeEmail(): Failed to send data [SMTP: Invalid response code received from server (code: 550, response: 5.7.1 Client does not have permissions to send as this sender)]. CLAIM ID: 6040. LOCATION ID: 43, FROM: claims@companyrn.com, MAIL_CONFIG_ID: 25
[Wed, 12 Oct 2016 11:54:38 -0700] PEAR MAIL ERROR IN sendClaimSubmitedNoticeEmail(): Failed to send data [SMTP: Invalid response code received from server (code: 550, response: 5.7.1 Client does not have permissions to send as this sender)]. CLAIM ID: 6040. LOCATION ID: 43, FROM: claims@companyrn.com, MAIL_CONFIG_ID: 25
[Wed, 12 Oct 2016 11:54:40 -0700] PEAR MAIL ERROR IN sendClaimSubmitedNoticeEmail(): Failed to send data [SMTP: Invalid response code received from server (code: 550, response: 5.7.1 Client does not have permissions to send as this sender)]. CLAIM ID: 6040. LOCATION ID: 43, FROM: claims@companyrn.com, MAIL_CONFIG_ID: 25
[Wed, 12 Oct 2016 11:54:41 -0700] PEAR MAIL ERROR IN sendClaimSubmitedNoticeEmail(): Failed to send data [SMTP: Invalid response code received from server (code: 550, response: 5.7.1 Client does not have permissions to send as this sender)]. CLAIM ID: 6040. LOCATION ID: 43, FROM: claims@companyrn.com, MAIL_CONFIG_ID: 25
[Thu, 13 Oct 2016 13:15:02 -0700] PEAR MAIL ERROR IN sendClaimSubmitedNoticeEmail(): Failed to send data [SMTP: Invalid response code received from server (code: 550, response: 5.7.1 Client does not have permissions to send as this sender)]. CLAIM ID: 6044. LOCATION ID: 43, FROM: claims@companyrn.com, MAIL_CONFIG_ID: 25
[Thu, 13 Oct 2016 13:15:03 -0700] PEAR MAIL ERROR IN sendClaimSubmitedNoticeEmail(): Failed to send data [SMTP: Invalid response code received from server (code: 550, response: 5.7.1 Client does not have permissions to send as this sender)]. CLAIM ID: 6044. LOCATION ID: 43, FROM: claims@companyrn.com, MAIL_CONFIG_ID: 25
[Thu, 13 Oct 2016 13:15:04 -0700] PEAR MAIL ERROR IN sendClaimSubmitedNoticeEmail(): Failed to send data [SMTP: Invalid response code received from server (code: 550, response: 5.7.1 Client does not have permissions to send as this sender)]. CLAIM ID: 6044. LOCATION ID: 43, FROM: claims@companyrn.com, MAIL_CONFIG_ID: 25
[Thu, 13 Oct 2016 13:15:10 -0700] PEAR MAIL ERROR IN sendClaimSubmitedNoticeEmail(): Failed to send data [SMTP: Invalid response code received from server (code: 550, response: 5.7.1 Client does not have permissions to send as this sender)]. CLAIM ID: 6044. LOCATION ID: 43, FROM: claims@companyrn.com, MAIL_CONFIG_ID: 25
[Thu, 13 Oct 2016 13:15:12 -0700] PEAR MAIL ERROR IN sendClaimSubmitedNoticeEmail(): Failed to send data [SMTP: Invalid response code received from server (code: 550, response: 5.7.1 Client does not have permissions to send as this sender)]. CLAIM ID: 6044. LOCATION ID: 43, FROM: claims@companyrn.com, MAIL_CONFIG_ID: 25
[Thu, 13 Oct 2016 13:15:18 -0700] PEAR MAIL ERROR IN sendClaimSubmitedNoticeEmail(): Failed to send data [SMTP: Invalid response code received from server (code: 550, response: 5.7.1 Client does not have permissions to send as this sender)]. CLAIM ID: 6044. LOCATION ID: 43, FROM: claims@companyrn.com, MAIL_CONFIG_ID: 25
[Thu, 13 Oct 2016 13:15:20 -0700] PEAR MAIL ERROR IN sendClaimSubmitedNoticeEmail(): Failed to send data [SMTP: Invalid response code received from server (code: 550, response: 5.7.1 Client does not have permissions to send as this sender)]. CLAIM ID: 6044. LOCATION ID: 43, FROM: claims@companyrn.com, MAIL_CONFIG_ID: 25
[Thu, 13 Oct 2016 13:15:21 -0700] PEAR MAIL ERROR IN sendClaimSubmitedNoticeEmail(): Failed to send data [SMTP: Invalid response code received from server (code: 550, response: 5.7.1 Client does not have permissions to send as this sender)]. CLAIM ID: 6044. LOCATION ID: 43, FROM: claims@companyrn.com, MAIL_CONFIG_ID: 25
[Thu, 13 Oct 2016 13:15:28 -0700] PEAR MAIL ERROR IN sendClaimSubmitedNoticeEmail(): Failed to send data [SMTP: Invalid response code received from server (code: 550, response: 5.7.1 Client does not have permissions to send as this sender)]. CLAIM ID: 6044. LOCATION ID: 43, FROM: claims@companyrn.com, MAIL_CONFIG_ID: 25
[Thu, 13 Oct 2016 13:15:30 -0700] PEAR MAIL ERROR IN sendClaimSubmitedNoticeEmail(): Failed to send data [SMTP: Invalid response code received from server (code: 550, response: 5.7.1 Client does not have permissions to send as this sender)]. CLAIM ID: 6044. LOCATION ID: 43, FROM: claims@companyrn.com, MAIL_CONFIG_ID: 25
[Thu, 13 Oct 2016 13:21:02 -0700] PEAR MAIL ERROR IN sendClaimSubmitedNoticeEmail(): Failed to send data [SMTP: Invalid response code received from server (code: 550, response: 5.7.1 Client does not have permissions to send as this sender)]. CLAIM ID: 6044. LOCATION ID: 43, FROM: claims@companyrn.com, MAIL_CONFIG_ID: 25
[Thu, 13 Oct 2016 13:21:09 -0700] PEAR MAIL ERROR IN sendClaimSubmitedNoticeEmail(): Failed to send data [SMTP: Invalid response code received from server (code: 550, response: 5.7.1 Client does not have permissions to send as this sender)]. CLAIM ID: 6044. LOCATION ID: 43, FROM: claims@companyrn.com, MAIL_CONFIG_ID: 25
[Thu, 27 Oct 2016 10:06:16 -0700] PEAR MAIL ERROR IN sendClaimSubmitedNoticeEmail(): Failed to send data [SMTP: Invalid response code received from server (code: 550, response: 5.7.1 Client does not have permissions to send as this sender)]. CLAIM ID: 6081. LOCATION ID: 43, FROM: claims@companyrn.com, MAIL_CONFIG_ID: 25
[Thu, 27 Oct 2016 10:06:27 -0700] PEAR MAIL ERROR IN sendClaimSubmitedNoticeEmail(): Failed to send data [SMTP: Invalid response code received from server (code: 550, response: 5.7.1 Client does not have permissions to send as this sender)]. CLAIM ID: 6081. LOCATION ID: 43, FROM: claims@companyrn.com, MAIL_CONFIG_ID: 25
[Thu, 27 Oct 2016 10:06:30 -0700] PEAR MAIL ERROR IN sendClaimSubmitedNoticeEmail(): Failed to send data [SMTP: Invalid response code received from server (code: 550, response: 5.7.1 Client does not have permissions to send as this sender)]. CLAIM ID: 6081. LOCATION ID: 43, FROM: claims@companyrn.com, MAIL_CONFIG_ID: 25
[Thu, 27 Oct 2016 10:06:38 -0700] PEAR MAIL ERROR IN sendClaimSubmitedNoticeEmail(): Failed to send data [SMTP: Invalid response code received from server (code: 550, response: 5.7.1 Client does not have permissions to send as this sender)]. CLAIM ID: 6081. LOCATION ID: 43, FROM: claims@companyrn.com, MAIL_CONFIG_ID: 25
[Thu, 27 Oct 2016 10:06:42 -0700] PEAR MAIL ERROR IN sendClaimSubmitedNoticeEmail(): Failed to send data [SMTP: Invalid response code received from server (code: 550, response: 5.7.1 Client does not have permissions to send as this sender)]. CLAIM ID: 6081. LOCATION ID: 43, FROM: claims@companyrn.com, MAIL_CONFIG_ID: 25
[Thu, 27 Oct 2016 10:06:50 -0700] PEAR MAIL ERROR IN sendClaimSubmitedNoticeEmail(): Failed to send data [SMTP: Invalid response code received from server (code: 550, response: 5.7.1 Client does not have permissions to send as this sender)]. CLAIM ID: 6081. LOCATION ID: 43, FROM: claims@companyrn.com, MAIL_CONFIG_ID: 25
[Thu, 27 Oct 2016 10:09:00 -0700] PEAR MAIL ERROR IN sendClaimSubmitedNoticeEmail(): Failed to send data [SMTP: Invalid response code received from server (code: 550, response: 5.7.1 Client does not have permissions to send as this sender)]. CLAIM ID: 6081. LOCATION ID: 43, FROM: claims@companyrn.com, MAIL_CONFIG_ID: 25
[Thu, 27 Oct 2016 10:09:07 -0700] PEAR MAIL ERROR IN sendClaimSubmitedNoticeEmail(): Failed to send data [SMTP: Invalid response code received from server (code: 550, response: 5.7.1 Client does not have permissions to send as this sender)]. CLAIM ID: 6081. LOCATION ID: 43, FROM: claims@companyrn.com, MAIL_CONFIG_ID: 25
[Thu, 27 Oct 2016 10:09:13 -0700] PEAR MAIL ERROR IN sendClaimSubmitedNoticeEmail(): Failed to send data [SMTP: Invalid response code received from server (code: 550, response: 5.7.1 Client does not have permissions to send as this sender)]. CLAIM ID: 6081. LOCATION ID: 43, FROM: claims@companyrn.com, MAIL_CONFIG_ID: 25
[Thu, 27 Oct 2016 10:09:16 -0700] PEAR MAIL ERROR IN sendClaimSubmitedNoticeEmail(): Failed to send data [SMTP: Invalid response code received from server (code: 550, response: 5.7.1 Client does not have permissions to send as this sender)]. CLAIM ID: 6081. LOCATION ID: 43, FROM: claims@companyrn.com, MAIL_CONFIG_ID: 25
[Thu, 27 Oct 2016 10:09:23 -0700] PEAR MAIL ERROR IN sendClaimSubmitedNoticeEmail(): Failed to send data [SMTP: Invalid response code received from server (code: 550, response: 5.7.1 Client does not have permissions to send as this sender)]. CLAIM ID: 6081. LOCATION ID: 43, FROM: claims@companyrn.com, MAIL_CONFIG_ID: 25
[Thu, 27 Oct 2016 10:11:18 -0700] PEAR MAIL ERROR IN sendClaimSubmitedNoticeEmail(): Failed to send data [SMTP: Invalid response code received from server (code: 550, response: 5.7.1 Client does not have permissions to send as this sender)]. CLAIM ID: 6081. LOCATION ID: 43, FROM: claims@companyrn.com, MAIL_CONFIG_ID: 25
[Thu, 24 Nov 2016 06:54:03 -0700] PEAR MAIL ERROR IN sendClaimSubmitedNoticeEmail(): Failed to send data [SMTP: Invalid response code received from server (code: 550, response: 5.7.1 Client does not have permissions to send as this sender)]. CLAIM ID: 6141. LOCATION ID: 43, FROM: claims@companyrn.com, MAIL_CONFIG_ID: 25
[Thu, 24 Nov 2016 06:54:05 -0700] PEAR MAIL ERROR IN sendClaimSubmitedNoticeEmail(): Failed to send data [SMTP: Invalid response code received from server (code: 550, response: 5.7.1 Client does not have permissions to send as this sender)]. CLAIM ID: 6141. LOCATION ID: 43, FROM: claims@companyrn.com, MAIL_CONFIG_ID: 25
[Thu, 24 Nov 2016 06:54:06 -0700] PEAR MAIL ERROR IN sendClaimSubmitedNoticeEmail(): Failed to send data [SMTP: Invalid response code received from server (code: 550, response: 5.7.1 Client does not have permissions to send as this sender)]. CLAIM ID: 6141. LOCATION ID: 43, FROM: claims@companyrn.com, MAIL_CONFIG_ID: 25
[Thu, 24 Nov 2016 06:54:08 -0700] PEAR MAIL ERROR IN sendClaimSubmitedNoticeEmail(): Failed to send data [SMTP: Invalid response code received from server (code: 550, response: 5.7.1 Client does not have permissions to send as this sender)]. CLAIM ID: 6141. LOCATION ID: 43, FROM: claims@companyrn.com, MAIL_CONFIG_ID: 25
[Thu, 24 Nov 2016 06:54:09 -0700] PEAR MAIL ERROR IN sendClaimSubmitedNoticeEmail(): Failed to send data [SMTP: Invalid response code received from server (code: 550, response: 5.7.1 Client does not have permissions to send as this sender)]. CLAIM ID: 6141. LOCATION ID: 43, FROM: claims@companyrn.com, MAIL_CONFIG_ID: 25
[Thu, 24 Nov 2016 06:54:10 -0700] PEAR MAIL ERROR IN sendClaimSubmitedNoticeEmail(): Failed to send data [SMTP: Invalid response code received from server (code: 550, response: 5.7.1 Client does not have permissions to send as this sender)]. CLAIM ID: 6141. LOCATION ID: 43, FROM: claims@companyrn.com, MAIL_CONFIG_ID: 25
[Thu, 24 Nov 2016 06:54:12 -0700] PEAR MAIL ERROR IN sendClaimSubmitedNoticeEmail(): Failed to send data [SMTP: Invalid response code received from server (code: 550, response: 5.7.1 Client does not have permissions to send as this sender)]. CLAIM ID: 6141. LOCATION ID: 43, FROM: claims@companyrn.com, MAIL_CONFIG_ID: 25
[Thu, 24 Nov 2016 06:54:14 -0700] PEAR MAIL ERROR IN sendClaimSubmitedNoticeEmail(): Failed to send data [SMTP: Invalid response code received from server (code: 550, response: 5.7.1 Client does not have permissions to send as this sender)]. CLAIM ID: 6141. LOCATION ID: 43, FROM: claims@companyrn.com, MAIL_CONFIG_ID: 25
[Thu, 24 Nov 2016 07:48:03 -0700] PEAR MAIL ERROR IN sendClaimSubmitedNoticeEmail(): Failed to send data [SMTP: Invalid response code received from server (code: 550, response: 5.7.1 Client does not have permissions to send as this sender)]. CLAIM ID: 6141. LOCATION ID: 43, FROM: claims@companyrn.com, MAIL_CONFIG_ID: 25
[Thu, 24 Nov 2016 07:48:03 -0700] PEAR MAIL ERROR IN sendClaimSubmitedNoticeEmail(): Failed to send data [SMTP: Invalid response code received from server (code: 550, response: 5.7.1 Client does not have permissions to send as this sender)]. CLAIM ID: 6141. LOCATION ID: 43, FROM: matrix@triagenow.net, MAIL_CONFIG_ID: 25
[Thu, 24 Nov 2016 07:48:04 -0700] PEAR MAIL ERROR IN sendClaimSubmitedNoticeEmail(): Failed to send data [SMTP: Invalid response code received from server (code: 550, response: 5.7.1 Client does not have permissions to send as this sender)]. CLAIM ID: 6141. LOCATION ID: 43, FROM: matrix@triagenow.net, MAIL_CONFIG_ID: 25
[Thu, 24 Nov 2016 07:51:03 -0700] PEAR MAIL ERROR IN sendClaimSubmitedNoticeEmail(): Failed to send data [SMTP: Invalid response code received from server (code: 550, response: 5.7.1 Client does not have permissions to send as this sender)]. CLAIM ID: 6141. LOCATION ID: 43, FROM: claims@companyrn.com, MAIL_CONFIG_ID: 25
[Thu, 24 Nov 2016 07:51:05 -0700] PEAR MAIL ERROR IN sendClaimSubmitedNoticeEmail(): Failed to send data [SMTP: Invalid response code received from server (code: 550, response: 5.7.1 Client does not have permissions to send as this sender)]. CLAIM ID: 6141. LOCATION ID: 43, FROM: claims@companyrn.com, MAIL_CONFIG_ID: 25
[Wed, 30 Nov 2016 11:39:28 -0700] PEAR MAIL ERROR IN sendClaimSubmitedNoticeEmail(): Failed to send data [SMTP: Invalid response code received from server (code: 550, response: 5.7.1 Client does not have permissions to send as this sender)]. CLAIM ID: 6147. LOCATION ID: 43, FROM: claims@companyrn.com, MAIL_CONFIG_ID: 25
[Wed, 30 Nov 2016 11:39:30 -0700] PEAR MAIL ERROR IN sendClaimSubmitedNoticeEmail(): Failed to set sender: claims@companyrn.com [SMTP: Invalid response code received from server (code: 452, response: 4.3.1 Insufficient system resources)]. CLAIM ID: 6147. LOCATION ID: 43, FROM: claims@companyrn.com, MAIL_CONFIG_ID: 25
[Wed, 30 Nov 2016 11:39:31 -0700] PEAR MAIL ERROR IN sendClaimSubmitedNoticeEmail(): Failed to set sender: claims@companyrn.com [SMTP: Invalid response code received from server (code: 452, response: 4.3.1 Insufficient system resources)]. CLAIM ID: 6147. LOCATION ID: 43, FROM: claims@companyrn.com, MAIL_CONFIG_ID: 25
[Wed, 30 Nov 2016 11:39:32 -0700] PEAR MAIL ERROR IN sendClaimSubmitedNoticeEmail(): Failed to set sender: claims@companyrn.com [SMTP: Invalid response code received from server (code: 452, response: 4.3.1 Insufficient system resources)]. CLAIM ID: 6147. LOCATION ID: 43, FROM: claims@companyrn.com, MAIL_CONFIG_ID: 25
[Wed, 30 Nov 2016 11:39:38 -0700] PEAR MAIL ERROR IN sendClaimSubmitedNoticeEmail(): Failed to send data [SMTP: Invalid response code received from server (code: 550, response: 5.7.1 Client does not have permissions to send as this sender)]. CLAIM ID: 6147. LOCATION ID: 43, FROM: claims@companyrn.com, MAIL_CONFIG_ID: 25
[Wed, 30 Nov 2016 11:39:45 -0700] PEAR MAIL ERROR IN sendClaimSubmitedNoticeEmail(): Failed to set sender: claims@companyrn.com [SMTP: Invalid response code received from server (code: 452, response: 4.3.1 Insufficient system resources)]. CLAIM ID: 6147. LOCATION ID: 43, FROM: claims@companyrn.com, MAIL_CONFIG_ID: 25
[Wed, 30 Nov 2016 11:39:46 -0700] PEAR MAIL ERROR IN sendClaimSubmitedNoticeEmail(): Failed to set sender: claims@companyrn.com [SMTP: Invalid response code received from server (code: 452, response: 4.3.1 Insufficient system resources)]. CLAIM ID: 6147. LOCATION ID: 43, FROM: claims@companyrn.com, MAIL_CONFIG_ID: 25
[Wed, 30 Nov 2016 11:39:54 -0700] PEAR MAIL ERROR IN sendClaimSubmitedNoticeEmail(): Failed to set sender: claims@companyrn.com [SMTP: Invalid response code received from server (code: 452, response: 4.3.1 Insufficient system resources)]. CLAIM ID: 6147. LOCATION ID: 43, FROM: claims@companyrn.com, MAIL_CONFIG_ID: 25
[Wed, 04 Jan 2017 15:00:58 -0700] PEAR MAIL ERROR IN sendClaimSubmitedNoticeEmail():  authentication failure [SMTP: Invalid response code received from server (code: 535, response: 5.7.3 Authentication unsuccessful)]. CLAIM ID: 6272. LOCATION ID: 5934, FROM: info@claimcompass.com, MAIL_CONFIG_ID: 1
[Wed, 04 Jan 2017 15:01:10 -0700] PEAR MAIL ERROR IN sendClaimSubmitedNoticeEmail():  authentication failure [SMTP: Invalid response code received from server (code: 535, response: 5.7.3 Authentication unsuccessful)]. CLAIM ID: 6272. LOCATION ID: 5934, FROM: kingstree24reports@kingstree.net, MAIL_CONFIG_ID: 39
[Wed, 04 Jan 2017 15:01:20 -0700] PEAR MAIL ERROR IN sendClaimSubmitedNoticeEmail():  authentication failure [SMTP: Invalid response code received from server (code: 535, response: 5.7.3 Authentication unsuccessful)]. CLAIM ID: 6272. LOCATION ID: 5934, FROM: kingstree24reports@kingstree.net, MAIL_CONFIG_ID: 39
[Tue, 10 Jan 2017 13:24:41 -0700] PEAR MAIL ERROR IN sendClaimSubmitedNoticeEmail():  authentication failure [SMTP: Invalid response code received from server (code: 535, response: 5.7.3 Authentication unsuccessful)]. CLAIM ID: 6080. LOCATION ID: 316, FROM: kingstree24reports@kingstree.net, MAIL_CONFIG_ID: 47